TN:
SF:src/about.tsx
FNF:0
FNH:0
DA:10,0
DA:13,0
DA:21,0
LF:3
LH:0
BRF:0
BRH:0
end_of_record
TN:
SF:src/index.tsx
FNF:0
FNH:0
DA:11,0
DA:16,0
DA:25,0
LF:3
LH:0
BRF:0
BRH:0
end_of_record
TN:
SF:src/react-app-env.d.ts
FNF:0
FNH:0
LF:0
LH:0
BRF:0
BRH:0
end_of_record
TN:
SF:src/reportWebVitals.ts
FN:3,(anonymous_0)
FN:5,(anonymous_1)
FNF:2
FNH:0
FNDA:0,(anonymous_0)
FNDA:0,(anonymous_1)
DA:3,0
DA:4,0
DA:5,0
DA:6,0
DA:7,0
DA:8,0
DA:9,0
DA:10,0
LF:8
LH:0
BRDA:4,0,0,0
BRDA:4,0,1,0
BRDA:4,1,0,0
BRDA:4,1,1,0
BRF:4
BRH:0
end_of_record
TN:
SF:src/include/components/App.tsx
FN:40,App
FN:92,Layout
FN:114,Home
FN:122,Courses
FN:131,CoursesIndex
FN:153,Course
FN:169,capitalizeString
FN:173,NoMatch
FNF:8
FNH:1
FNDA:5,App
FNDA:0,Layout
FNDA:0,Home
FNDA:0,Courses
FNDA:0,CoursesIndex
FNDA:0,Course
FNDA:0,capitalizeString
FNDA:0,NoMatch
DA:42,5
DA:64,5
DA:66,0
DA:93,0
DA:115,0
DA:123,0
DA:132,0
DA:154,0
DA:156,0
DA:170,0
DA:174,0
LF:11
LH:2
BRF:0
BRH:0
end_of_record
TN:
SF:src/include/components/Footer.tsx
FN:4,Footer
FNF:1
FNH:0
FNDA:0,Footer
DA:6,0
LF:1
LH:0
BRF:0
BRH:0
end_of_record
TN:
SF:src/include/components/MainContent.tsx
FN:3,(anonymous_0)
FNF:1
FNH:0
FNDA:0,(anonymous_0)
DA:3,0
DA:4,0
LF:2
LH:0
BRF:0
BRH:0
end_of_record
TN:
SF:src/include/components/NavLeft.tsx
FN:3,(anonymous_0)
FN:26,(anonymous_1)
FNF:2
FNH:0
FNDA:0,(anonymous_0)
FNDA:0,(anonymous_1)
DA:3,0
DA:5,0
DA:24,0
DA:27,0
LF:4
LH:0
BRF:0
BRH:0
end_of_record
TN:
SF:src/include/components/Navbar.tsx
FN:4,(anonymous_0)
FN:29,(anonymous_1)
FN:31,(anonymous_2)
FN:61,(anonymous_3)
FNF:4
FNH:0
FNDA:0,(anonymous_0)
FNDA:0,(anonymous_1)
FNDA:0,(anonymous_2)
FNDA:0,(anonymous_3)
DA:4,0
DA:5,0
DA:6,0
DA:20,0
DA:29,0
DA:31,0
DA:34,0
DA:45,0
DA:54,0
DA:61,0
DA:62,0
DA:113,0
LF:12
LH:0
BRDA:5,0,0,0
BRDA:5,0,1,0
BRDA:34,1,0,0
BRDA:34,1,1,0
BRF:4
BRH:0
end_of_record
